<?xml version="1.0" encoding="UTF-8"?>
<coverage generated="1679761286716" clover="3.2.0">
  <project timestamp="1679761286716" name="All files">
    <metrics statements="180" coveredstatements="180" conditionals="44" coveredconditionals="44" methods="12" coveredmethods="12" elements="236" coveredelements="236" complexity="0" loc="180" ncloc="180" packages="1" files="1" classes="1"/>
    <file name="pharmacy.ts" path="/Users/quentin/projects/personal/take-home-test/pharmacy.ts">
      <metrics statements="180" coveredstatements="180" conditionals="44" coveredconditionals="44" methods="12" coveredmethods="12"/>
      <line num="1" count="1" type="stmt"/>
      <line num="2" count="1" type="stmt"/>
      <line num="3" count="1" type="stmt"/>
      <line num="4" count="1" type="stmt"/>
      <line num="5" count="1" type="stmt"/>
      <line num="6" count="1" type="stmt"/>
      <line num="7" count="1" type="stmt"/>
      <line num="8" count="1" type="stmt"/>
      <line num="9" count="1" type="stmt"/>
      <line num="10" count="1" type="stmt"/>
      <line num="11" count="1" type="stmt"/>
      <line num="12" count="1" type="stmt"/>
      <line num="13" count="1" type="stmt"/>
      <line num="14" count="1" type="stmt"/>
      <line num="15" count="1" type="stmt"/>
      <line num="16" count="1" type="stmt"/>
      <line num="17" count="1" type="stmt"/>
      <line num="18" count="1" type="stmt"/>
      <line num="19" count="1" type="stmt"/>
      <line num="20" count="1" type="stmt"/>
      <line num="21" count="1" type="stmt"/>
      <line num="22" count="1" type="stmt"/>
      <line num="23" count="1" type="stmt"/>
      <line num="24" count="1" type="cond" truecount="1" falsecount="0"/>
      <line num="25" count="6" type="stmt"/>
      <line num="26" count="6" type="stmt"/>
      <line num="27" count="6" type="stmt"/>
      <line num="28" count="6" type="stmt"/>
      <line num="29" count="6" type="stmt"/>
      <line num="30" count="1" type="stmt"/>
      <line num="31" count="1" type="cond" truecount="1" falsecount="0"/>
      <line num="32" count="3" type="cond" truecount="1" falsecount="0"/>
      <line num="33" count="3" type="cond" truecount="1" falsecount="0"/>
      <line num="34" count="2" type="cond" truecount="1" falsecount="0"/>
      <line num="35" count="3" type="cond" truecount="1" falsecount="0"/>
      <line num="36" count="1" type="stmt"/>
      <line num="37" count="1" type="stmt"/>
      <line num="38" count="1" type="stmt"/>
      <line num="39" count="1" type="stmt"/>
      <line num="40" count="1" type="stmt"/>
      <line num="41" count="1" type="stmt"/>
      <line num="42" count="1" type="stmt"/>
      <line num="43" count="1" type="stmt"/>
      <line num="44" count="1" type="stmt"/>
      <line num="45" count="1" type="stmt"/>
      <line num="46" count="1" type="stmt"/>
      <line num="47" count="1" type="stmt"/>
      <line num="48" count="1" type="stmt"/>
      <line num="49" count="1" type="stmt"/>
      <line num="50" count="1" type="stmt"/>
      <line num="51" count="1" type="cond" truecount="1" falsecount="0"/>
      <line num="52" count="8" type="stmt"/>
      <line num="53" count="8" type="stmt"/>
      <line num="54" count="8" type="stmt"/>
      <line num="55" count="8" type="stmt"/>
      <line num="56" count="8" type="stmt"/>
      <line num="57" count="1" type="stmt"/>
      <line num="58" count="1" type="cond" truecount="1" falsecount="0"/>
      <line num="59" count="4" type="stmt"/>
      <line num="60" count="4" type="cond" truecount="1" falsecount="0"/>
      <line num="61" count="3" type="cond" truecount="1" falsecount="0"/>
      <line num="62" count="4" type="stmt"/>
      <line num="63" count="4" type="cond" truecount="1" falsecount="0"/>
      <line num="64" count="4" type="cond" truecount="1" falsecount="0"/>
      <line num="65" count="1" type="stmt"/>
      <line num="66" count="1" type="stmt"/>
      <line num="67" count="1" type="stmt"/>
      <line num="68" count="1" type="stmt"/>
      <line num="69" count="1" type="stmt"/>
      <line num="70" count="1" type="stmt"/>
      <line num="71" count="1" type="stmt"/>
      <line num="72" count="1" type="stmt"/>
      <line num="73" count="1" type="stmt"/>
      <line num="74" count="1" type="stmt"/>
      <line num="75" count="1" type="stmt"/>
      <line num="76" count="1" type="stmt"/>
      <line num="77" count="1" type="stmt"/>
      <line num="78" count="1" type="stmt"/>
      <line num="79" count="1" type="stmt"/>
      <line num="80" count="1" type="stmt"/>
      <line num="81" count="1" type="stmt"/>
      <line num="82" count="1" type="cond" truecount="1" falsecount="0"/>
      <line num="83" count="14" type="stmt"/>
      <line num="84" count="14" type="stmt"/>
      <line num="85" count="14" type="stmt"/>
      <line num="86" count="14" type="stmt"/>
      <line num="87" count="14" type="stmt"/>
      <line num="88" count="1" type="stmt"/>
      <line num="89" count="1" type="cond" truecount="1" falsecount="0"/>
      <line num="90" count="7" type="stmt"/>
      <line num="91" count="7" type="cond" truecount="1" falsecount="0"/>
      <line num="92" count="6" type="cond" truecount="1" falsecount="0"/>
      <line num="93" count="6" type="cond" truecount="1" falsecount="0"/>
      <line num="94" count="7" type="cond" truecount="2" falsecount="0"/>
      <line num="95" count="4" type="cond" truecount="1" falsecount="0"/>
      <line num="96" count="7" type="stmt"/>
      <line num="97" count="7" type="cond" truecount="1" falsecount="0"/>
      <line num="98" count="7" type="cond" truecount="1" falsecount="0"/>
      <line num="99" count="7" type="cond" truecount="1" falsecount="0"/>
      <line num="100" count="1" type="stmt"/>
      <line num="101" count="1" type="stmt"/>
      <line num="102" count="1" type="stmt"/>
      <line num="103" count="1" type="stmt"/>
      <line num="104" count="7" type="cond" truecount="2" falsecount="0"/>
      <line num="105" count="7" type="cond" truecount="1" falsecount="0"/>
      <line num="106" count="1" type="stmt"/>
      <line num="107" count="1" type="stmt"/>
      <line num="108" count="1" type="stmt"/>
      <line num="109" count="1" type="stmt"/>
      <line num="110" count="1" type="stmt"/>
      <line num="111" count="1" type="stmt"/>
      <line num="112" count="1" type="stmt"/>
      <line num="113" count="1" type="stmt"/>
      <line num="114" count="1" type="stmt"/>
      <line num="115" count="1" type="stmt"/>
      <line num="116" count="1" type="stmt"/>
      <line num="117" count="1" type="stmt"/>
      <line num="118" count="1" type="stmt"/>
      <line num="119" count="1" type="stmt"/>
      <line num="120" count="1" type="stmt"/>
      <line num="121" count="1" type="stmt"/>
      <line num="122" count="1" type="cond" truecount="1" falsecount="0"/>
      <line num="123" count="4" type="stmt"/>
      <line num="124" count="4" type="stmt"/>
      <line num="125" count="4" type="stmt"/>
      <line num="126" count="4" type="stmt"/>
      <line num="127" count="4" type="stmt"/>
      <line num="128" count="1" type="stmt"/>
      <line num="129" count="1" type="cond" truecount="1" falsecount="0"/>
      <line num="130" count="1" type="stmt"/>
      <line num="131" count="1" type="stmt"/>
      <line num="132" count="1" type="stmt"/>
      <line num="133" count="1" type="stmt"/>
      <line num="134" count="1" type="stmt"/>
      <line num="135" count="1" type="cond" truecount="1" falsecount="0"/>
      <line num="136" count="10" type="stmt"/>
      <line num="137" count="10" type="stmt"/>
      <line num="138" count="10" type="stmt"/>
      <line num="139" count="10" type="stmt"/>
      <line num="140" count="10" type="stmt"/>
      <line num="141" count="1" type="stmt"/>
      <line num="142" count="1" type="cond" truecount="1" falsecount="0"/>
      <line num="143" count="5" type="stmt"/>
      <line num="144" count="5" type="cond" truecount="1" falsecount="0"/>
      <line num="145" count="4" type="cond" truecount="1" falsecount="0"/>
      <line num="146" count="5" type="stmt"/>
      <line num="147" count="5" type="cond" truecount="1" falsecount="0"/>
      <line num="148" count="3" type="cond" truecount="1" falsecount="0"/>
      <line num="149" count="5" type="cond" truecount="1" falsecount="0"/>
      <line num="150" count="1" type="stmt"/>
      <line num="151" count="1" type="stmt"/>
      <line num="152" count="1" type="stmt"/>
      <line num="153" count="1" type="stmt"/>
      <line num="154" count="2" type="cond" truecount="1" falsecount="0"/>
      <line num="155" count="2" type="stmt"/>
      <line num="156" count="2" type="stmt"/>
      <line num="157" count="2" type="stmt"/>
      <line num="158" count="2" type="stmt"/>
      <line num="159" count="2" type="stmt"/>
      <line num="160" count="1" type="stmt"/>
      <line num="161" count="1" type="stmt"/>
      <line num="162" count="1" type="stmt"/>
      <line num="163" count="1" type="cond" truecount="1" falsecount="0"/>
      <line num="164" count="21" type="stmt"/>
      <line num="165" count="21" type="cond" truecount="1" falsecount="0"/>
      <line num="166" count="3" type="stmt"/>
      <line num="167" count="21" type="cond" truecount="1" falsecount="0"/>
      <line num="168" count="4" type="stmt"/>
      <line num="169" count="21" type="cond" truecount="1" falsecount="0"/>
      <line num="170" count="7" type="stmt"/>
      <line num="171" count="21" type="cond" truecount="1" falsecount="0"/>
      <line num="172" count="2" type="stmt"/>
      <line num="173" count="21" type="cond" truecount="1" falsecount="0"/>
      <line num="174" count="5" type="stmt"/>
      <line num="175" count="21" type="stmt"/>
      <line num="176" count="21" type="stmt"/>
      <line num="177" count="1" type="stmt"/>
      <line num="178" count="1" type="cond" truecount="1" falsecount="0"/>
      <line num="179" count="1" type="cond" truecount="1" falsecount="0"/>
      <line num="180" count="1" type="stmt"/>
    </file>
  </project>
</coverage>
