{"/Users/quentin/projects/personal/take-home-test/pharmacy.ts": {"path":"/Users/quentin/projects/personal/take-home-test/pharmacy.ts","all":false,"statementMap":{"0":{"start":{"line":1,"column":0},"end":{"line":1,"column":24}},"1":{"start":{"line":2,"column":0},"end":{"line":2,"column":24}},"2":{"start":{"line":3,"column":0},"end":{"line":3,"column":24}},"3":{"start":{"line":4,"column":0},"end":{"line":4,"column":24}},"4":{"start":{"line":5,"column":0},"end":{"line":5,"column":13}},"5":{"start":{"line":6,"column":0},"end":{"line":6,"column":20}},"6":{"start":{"line":7,"column":0},"end":{"line":7,"column":18}},"7":{"start":{"line":8,"column":0},"end":{"line":8,"column":22}},"8":{"start":{"line":9,"column":0},"end":{"line":9,"column":2}},"9":{"start":{"line":10,"column":0},"end":{"line":10,"column":0}},"10":{"start":{"line":11,"column":0},"end":{"line":11,"column":40}},"11":{"start":{"line":12,"column":0},"end":{"line":12,"column":41}},"12":{"start":{"line":13,"column":0},"end":{"line":13,"column":34}},"13":{"start":{"line":14,"column":0},"end":{"line":14,"column":41}},"14":{"start":{"line":15,"column":0},"end":{"line":15,"column":38}},"15":{"start":{"line":16,"column":0},"end":{"line":16,"column":0}},"16":{"start":{"line":17,"column":0},"end":{"line":17,"column":66}},"17":{"start":{"line":18,"column":0},"end":{"line":18,"column":0}},"18":{"start":{"line":19,"column":0},"end":{"line":19,"column":69}},"19":{"start":{"line":20,"column":0},"end":{"line":20,"column":0}},"20":{"start":{"line":21,"column":0},"end":{"line":21,"column":24}},"21":{"start":{"line":22,"column":0},"end":{"line":22,"column":24}},"22":{"start":{"line":23,"column":0},"end":{"line":23,"column":24}},"23":{"start":{"line":24,"column":0},"end":{"line":24,"column":0}},"24":{"start":{"line":25,"column":0},"end":{"line":25,"column":32}},"25":{"start":{"line":26,"column":0},"end":{"line":26,"column":53}},"26":{"start":{"line":27,"column":0},"end":{"line":27,"column":18}},"27":{"start":{"line":28,"column":0},"end":{"line":28,"column":16}},"28":{"start":{"line":29,"column":0},"end":{"line":29,"column":3}},"29":{"start":{"line":30,"column":0},"end":{"line":30,"column":79}},"30":{"start":{"line":31,"column":0},"end":{"line":31,"column":0}},"31":{"start":{"line":32,"column":0},"end":{"line":32,"column":62}},"32":{"start":{"line":33,"column":0},"end":{"line":33,"column":55}},"33":{"start":{"line":34,"column":0},"end":{"line":34,"column":64}},"34":{"start":{"line":35,"column":0},"end":{"line":35,"column":31}},"35":{"start":{"line":36,"column":0},"end":{"line":36,"column":12}},"36":{"start":{"line":37,"column":0},"end":{"line":37,"column":19}},"37":{"start":{"line":38,"column":0},"end":{"line":38,"column":41}},"38":{"start":{"line":39,"column":0},"end":{"line":39,"column":61}},"39":{"start":{"line":40,"column":0},"end":{"line":40,"column":6}},"40":{"start":{"line":41,"column":0},"end":{"line":41,"column":10}},"41":{"start":{"line":42,"column":0},"end":{"line":42,"column":17}},"42":{"start":{"line":43,"column":0},"end":{"line":43,"column":59}},"43":{"start":{"line":44,"column":0},"end":{"line":44,"column":39}},"44":{"start":{"line":45,"column":0},"end":{"line":45,"column":4}},"45":{"start":{"line":46,"column":0},"end":{"line":46,"column":2}},"46":{"start":{"line":47,"column":0},"end":{"line":47,"column":0}},"47":{"start":{"line":48,"column":0},"end":{"line":48,"column":25}},"48":{"start":{"line":49,"column":0},"end":{"line":49,"column":25}},"49":{"start":{"line":50,"column":0},"end":{"line":50,"column":25}},"50":{"start":{"line":51,"column":0},"end":{"line":51,"column":0}},"51":{"start":{"line":52,"column":0},"end":{"line":52,"column":32}},"52":{"start":{"line":53,"column":0},"end":{"line":53,"column":53}},"53":{"start":{"line":54,"column":0},"end":{"line":54,"column":18}},"54":{"start":{"line":55,"column":0},"end":{"line":55,"column":15}},"55":{"start":{"line":56,"column":0},"end":{"line":56,"column":3}},"56":{"start":{"line":57,"column":0},"end":{"line":57,"column":79}},"57":{"start":{"line":58,"column":0},"end":{"line":58,"column":0}},"58":{"start":{"line":59,"column":0},"end":{"line":59,"column":62}},"59":{"start":{"line":60,"column":0},"end":{"line":60,"column":6}},"60":{"start":{"line":61,"column":0},"end":{"line":61,"column":30}},"61":{"start":{"line":62,"column":0},"end":{"line":62,"column":57}},"62":{"start":{"line":63,"column":0},"end":{"line":63,"column":3}},"63":{"start":{"line":64,"column":0},"end":{"line":64,"column":77}},"64":{"start":{"line":65,"column":0},"end":{"line":65,"column":33}},"65":{"start":{"line":66,"column":0},"end":{"line":66,"column":12}},"66":{"start":{"line":67,"column":0},"end":{"line":67,"column":19}},"67":{"start":{"line":68,"column":0},"end":{"line":68,"column":41}},"68":{"start":{"line":69,"column":0},"end":{"line":69,"column":61}},"69":{"start":{"line":70,"column":0},"end":{"line":70,"column":6}},"70":{"start":{"line":71,"column":0},"end":{"line":71,"column":3}},"71":{"start":{"line":72,"column":0},"end":{"line":72,"column":10}},"72":{"start":{"line":73,"column":0},"end":{"line":73,"column":17}},"73":{"start":{"line":74,"column":0},"end":{"line":74,"column":59}},"74":{"start":{"line":75,"column":0},"end":{"line":75,"column":39}},"75":{"start":{"line":76,"column":0},"end":{"line":76,"column":4}},"76":{"start":{"line":77,"column":0},"end":{"line":77,"column":2}},"77":{"start":{"line":78,"column":0},"end":{"line":78,"column":0}},"78":{"start":{"line":79,"column":0},"end":{"line":79,"column":25}},"79":{"start":{"line":80,"column":0},"end":{"line":80,"column":25}},"80":{"start":{"line":81,"column":0},"end":{"line":81,"column":25}},"81":{"start":{"line":82,"column":0},"end":{"line":82,"column":0}},"82":{"start":{"line":83,"column":0},"end":{"line":83,"column":29}},"83":{"start":{"line":84,"column":0},"end":{"line":84,"column":53}},"84":{"start":{"line":85,"column":0},"end":{"line":85,"column":18}},"85":{"start":{"line":86,"column":0},"end":{"line":86,"column":16}},"86":{"start":{"line":87,"column":0},"end":{"line":87,"column":3}},"87":{"start":{"line":88,"column":0},"end":{"line":88,"column":73}},"88":{"start":{"line":89,"column":0},"end":{"line":89,"column":0}},"89":{"start":{"line":90,"column":0},"end":{"line":90,"column":50}},"90":{"start":{"line":91,"column":0},"end":{"line":91,"column":28}},"91":{"start":{"line":92,"column":0},"end":{"line":92,"column":70}},"92":{"start":{"line":93,"column":0},"end":{"line":93,"column":6}},"93":{"start":{"line":94,"column":0},"end":{"line":94,"column":27}},"94":{"start":{"line":95,"column":0},"end":{"line":95,"column":54}},"95":{"start":{"line":96,"column":0},"end":{"line":96,"column":52}},"96":{"start":{"line":97,"column":0},"end":{"line":97,"column":3}},"97":{"start":{"line":98,"column":0},"end":{"line":98,"column":71}},"98":{"start":{"line":99,"column":0},"end":{"line":99,"column":53}},"99":{"start":{"line":100,"column":0},"end":{"line":100,"column":12}},"100":{"start":{"line":101,"column":0},"end":{"line":101,"column":16}},"101":{"start":{"line":102,"column":0},"end":{"line":102,"column":38}},"102":{"start":{"line":103,"column":0},"end":{"line":103,"column":55}},"103":{"start":{"line":104,"column":0},"end":{"line":104,"column":6}},"104":{"start":{"line":105,"column":0},"end":{"line":105,"column":52}},"105":{"start":{"line":106,"column":0},"end":{"line":106,"column":12}},"106":{"start":{"line":107,"column":0},"end":{"line":107,"column":16}},"107":{"start":{"line":108,"column":0},"end":{"line":108,"column":38}},"108":{"start":{"line":109,"column":0},"end":{"line":109,"column":55}},"109":{"start":{"line":110,"column":0},"end":{"line":110,"column":6}},"110":{"start":{"line":111,"column":0},"end":{"line":111,"column":0}},"111":{"start":{"line":112,"column":0},"end":{"line":112,"column":10}},"112":{"start":{"line":113,"column":0},"end":{"line":113,"column":14}},"113":{"start":{"line":114,"column":0},"end":{"line":114,"column":53}},"114":{"start":{"line":115,"column":0},"end":{"line":115,"column":36}},"115":{"start":{"line":116,"column":0},"end":{"line":116,"column":4}},"116":{"start":{"line":117,"column":0},"end":{"line":117,"column":2}},"117":{"start":{"line":118,"column":0},"end":{"line":118,"column":0}},"118":{"start":{"line":119,"column":0},"end":{"line":119,"column":29}},"119":{"start":{"line":120,"column":0},"end":{"line":120,"column":29}},"120":{"start":{"line":121,"column":0},"end":{"line":121,"column":29}},"121":{"start":{"line":122,"column":0},"end":{"line":122,"column":0}},"122":{"start":{"line":123,"column":0},"end":{"line":123,"column":32}},"123":{"start":{"line":124,"column":0},"end":{"line":124,"column":53}},"124":{"start":{"line":125,"column":0},"end":{"line":125,"column":18}},"125":{"start":{"line":126,"column":0},"end":{"line":126,"column":16}},"126":{"start":{"line":127,"column":0},"end":{"line":127,"column":3}},"127":{"start":{"line":128,"column":0},"end":{"line":128,"column":79}},"128":{"start":{"line":129,"column":0},"end":{"line":129,"column":0}},"129":{"start":{"line":130,"column":0},"end":{"line":130,"column":71}},"130":{"start":{"line":131,"column":0},"end":{"line":131,"column":0}},"131":{"start":{"line":132,"column":0},"end":{"line":132,"column":29}},"132":{"start":{"line":133,"column":0},"end":{"line":133,"column":29}},"133":{"start":{"line":134,"column":0},"end":{"line":134,"column":29}},"134":{"start":{"line":135,"column":0},"end":{"line":135,"column":0}},"135":{"start":{"line":136,"column":0},"end":{"line":136,"column":31}},"136":{"start":{"line":137,"column":0},"end":{"line":137,"column":53}},"137":{"start":{"line":138,"column":0},"end":{"line":138,"column":18}},"138":{"start":{"line":139,"column":0},"end":{"line":139,"column":16}},"139":{"start":{"line":140,"column":0},"end":{"line":140,"column":3}},"140":{"start":{"line":141,"column":0},"end":{"line":141,"column":77}},"141":{"start":{"line":142,"column":0},"end":{"line":142,"column":0}},"142":{"start":{"line":143,"column":0},"end":{"line":143,"column":58}},"143":{"start":{"line":144,"column":0},"end":{"line":144,"column":6}},"144":{"start":{"line":145,"column":0},"end":{"line":145,"column":28}},"145":{"start":{"line":146,"column":0},"end":{"line":146,"column":54}},"146":{"start":{"line":147,"column":0},"end":{"line":147,"column":3}},"147":{"start":{"line":148,"column":0},"end":{"line":148,"column":74}},"148":{"start":{"line":149,"column":0},"end":{"line":149,"column":30}},"149":{"start":{"line":150,"column":0},"end":{"line":150,"column":12}},"150":{"start":{"line":151,"column":0},"end":{"line":151,"column":18}},"151":{"start":{"line":152,"column":0},"end":{"line":152,"column":40}},"152":{"start":{"line":153,"column":0},"end":{"line":153,"column":59}},"153":{"start":{"line":154,"column":0},"end":{"line":154,"column":6}},"154":{"start":{"line":155,"column":0},"end":{"line":155,"column":10}},"155":{"start":{"line":156,"column":0},"end":{"line":156,"column":16}},"156":{"start":{"line":157,"column":0},"end":{"line":157,"column":38}},"157":{"start":{"line":158,"column":0},"end":{"line":158,"column":57}},"158":{"start":{"line":159,"column":0},"end":{"line":159,"column":4}},"159":{"start":{"line":160,"column":0},"end":{"line":160,"column":2}},"160":{"start":{"line":161,"column":0},"end":{"line":161,"column":0}},"161":{"start":{"line":162,"column":0},"end":{"line":162,"column":29}},"162":{"start":{"line":163,"column":0},"end":{"line":163,"column":0}},"163":{"start":{"line":164,"column":0},"end":{"line":164,"column":51}},"164":{"start":{"line":165,"column":0},"end":{"line":165,"column":22}},"165":{"start":{"line":166,"column":0},"end":{"line":166,"column":21}},"166":{"start":{"line":167,"column":0},"end":{"line":167,"column":35}},"167":{"start":{"line":168,"column":0},"end":{"line":168,"column":22}},"168":{"start":{"line":169,"column":0},"end":{"line":169,"column":35}},"169":{"start":{"line":170,"column":0},"end":{"line":170,"column":18}},"170":{"start":{"line":171,"column":0},"end":{"line":171,"column":32}},"171":{"start":{"line":172,"column":0},"end":{"line":172,"column":22}},"172":{"start":{"line":173,"column":0},"end":{"line":173,"column":35}},"173":{"start":{"line":174,"column":0},"end":{"line":174,"column":20}},"174":{"start":{"line":175,"column":0},"end":{"line":175,"column":34}},"175":{"start":{"line":176,"column":0},"end":{"line":176,"column":3}},"176":{"start":{"line":177,"column":0},"end":{"line":177,"column":2}},"177":{"start":{"line":178,"column":0},"end":{"line":178,"column":0}},"178":{"start":{"line":179,"column":0},"end":{"line":179,"column":47}},"179":{"start":{"line":180,"column":0},"end":{"line":180,"column":47}},"180":{"start":{"line":181,"column":0},"end":{"line":181,"column":2}}},"s":{"0":1,"1":1,"2":1,"3":1,"4":1,"5":1,"6":1,"7":1,"8":1,"9":1,"10":1,"11":1,"12":1,"13":1,"14":1,"15":1,"16":1,"17":1,"18":1,"19":1,"20":1,"21":1,"22":1,"23":1,"24":1,"25":6,"26":6,"27":6,"28":6,"29":6,"30":1,"31":1,"32":3,"33":3,"34":2,"35":3,"36":1,"37":1,"38":1,"39":1,"40":1,"41":1,"42":1,"43":1,"44":1,"45":1,"46":1,"47":1,"48":1,"49":1,"50":1,"51":1,"52":8,"53":8,"54":8,"55":8,"56":8,"57":1,"58":1,"59":4,"60":4,"61":3,"62":4,"63":4,"64":4,"65":1,"66":1,"67":1,"68":1,"69":1,"70":1,"71":1,"72":1,"73":1,"74":1,"75":1,"76":1,"77":1,"78":1,"79":1,"80":1,"81":1,"82":1,"83":14,"84":14,"85":14,"86":14,"87":14,"88":1,"89":1,"90":7,"91":7,"92":6,"93":6,"94":7,"95":4,"96":7,"97":7,"98":7,"99":7,"100":1,"101":1,"102":1,"103":1,"104":7,"105":7,"106":1,"107":1,"108":1,"109":1,"110":1,"111":1,"112":1,"113":1,"114":1,"115":1,"116":1,"117":1,"118":1,"119":1,"120":1,"121":1,"122":1,"123":4,"124":4,"125":4,"126":4,"127":4,"128":1,"129":1,"130":1,"131":1,"132":1,"133":1,"134":1,"135":1,"136":10,"137":10,"138":10,"139":10,"140":10,"141":1,"142":1,"143":5,"144":5,"145":4,"146":5,"147":5,"148":3,"149":5,"150":1,"151":1,"152":1,"153":1,"154":2,"155":2,"156":2,"157":2,"158":2,"159":2,"160":1,"161":1,"162":1,"163":1,"164":21,"165":21,"166":3,"167":21,"168":4,"169":21,"170":7,"171":21,"172":2,"173":21,"174":5,"175":21,"176":21,"177":1,"178":1,"179":1,"180":1},"branchMap":{"0":{"type":"branch","line":25,"loc":{"start":{"line":25,"column":31},"end":{"line":30,"column":79}},"locations":[{"start":{"line":25,"column":31},"end":{"line":30,"column":79}}]},"1":{"type":"branch","line":32,"loc":{"start":{"line":32,"column":24},"end":{"line":46,"column":2}},"locations":[{"start":{"line":32,"column":24},"end":{"line":46,"column":2}}]},"2":{"type":"branch","line":33,"loc":{"start":{"line":33,"column":28},"end":{"line":33,"column":54}},"locations":[{"start":{"line":33,"column":28},"end":{"line":33,"column":54}}]},"3":{"type":"branch","line":34,"loc":{"start":{"line":34,"column":4},"end":{"line":34,"column":64}},"locations":[{"start":{"line":34,"column":4},"end":{"line":34,"column":64}}]},"4":{"type":"branch","line":35,"loc":{"start":{"line":35,"column":-1},"end":{"line":36,"column":11}},"locations":[{"start":{"line":35,"column":-1},"end":{"line":36,"column":11}}]},"5":{"type":"branch","line":36,"loc":{"start":{"line":36,"column":4},"end":{"line":46,"column":2}},"locations":[{"start":{"line":36,"column":4},"end":{"line":46,"column":2}}]},"6":{"type":"branch","line":52,"loc":{"start":{"line":52,"column":31},"end":{"line":57,"column":79}},"locations":[{"start":{"line":52,"column":31},"end":{"line":57,"column":79}}]},"7":{"type":"branch","line":59,"loc":{"start":{"line":59,"column":24},"end":{"line":77,"column":2}},"locations":[{"start":{"line":59,"column":24},"end":{"line":77,"column":2}}]},"8":{"type":"branch","line":61,"loc":{"start":{"line":61,"column":27},"end":{"line":62,"column":57}},"locations":[{"start":{"line":61,"column":27},"end":{"line":62,"column":57}}]},"9":{"type":"branch","line":62,"loc":{"start":{"line":62,"column":28},"end":{"line":62,"column":56}},"locations":[{"start":{"line":62,"column":28},"end":{"line":62,"column":56}}]},"10":{"type":"branch","line":64,"loc":{"start":{"line":64,"column":4},"end":{"line":65,"column":32}},"locations":[{"start":{"line":64,"column":4},"end":{"line":65,"column":32}}]},"11":{"type":"branch","line":65,"loc":{"start":{"line":65,"column":32},"end":{"line":77,"column":2}},"locations":[{"start":{"line":65,"column":32},"end":{"line":77,"column":2}}]},"12":{"type":"branch","line":83,"loc":{"start":{"line":83,"column":28},"end":{"line":88,"column":73}},"locations":[{"start":{"line":83,"column":28},"end":{"line":88,"column":73}}]},"13":{"type":"branch","line":90,"loc":{"start":{"line":90,"column":21},"end":{"line":117,"column":2}},"locations":[{"start":{"line":90,"column":21},"end":{"line":117,"column":2}}]},"14":{"type":"branch","line":92,"loc":{"start":{"line":92,"column":4},"end":{"line":92,"column":70}},"locations":[{"start":{"line":92,"column":4},"end":{"line":92,"column":70}}]},"15":{"type":"branch","line":93,"loc":{"start":{"line":93,"column":-1},"end":{"line":94,"column":27}},"locations":[{"start":{"line":93,"column":-1},"end":{"line":94,"column":27}}]},"16":{"type":"branch","line":94,"loc":{"start":{"line":94,"column":24},"end":{"line":95,"column":51}},"locations":[{"start":{"line":94,"column":24},"end":{"line":95,"column":51}}]},"17":{"type":"branch","line":95,"loc":{"start":{"line":95,"column":25},"end":{"line":95,"column":50}},"locations":[{"start":{"line":95,"column":25},"end":{"line":95,"column":50}}]},"18":{"type":"branch","line":95,"loc":{"start":{"line":95,"column":51},"end":{"line":96,"column":52}},"locations":[{"start":{"line":95,"column":51},"end":{"line":96,"column":52}}]},"19":{"type":"branch","line":96,"loc":{"start":{"line":96,"column":25},"end":{"line":96,"column":51}},"locations":[{"start":{"line":96,"column":25},"end":{"line":96,"column":51}}]},"20":{"type":"branch","line":98,"loc":{"start":{"line":98,"column":4},"end":{"line":99,"column":32}},"locations":[{"start":{"line":98,"column":4},"end":{"line":99,"column":32}}]},"21":{"type":"branch","line":99,"loc":{"start":{"line":99,"column":28},"end":{"line":99,"column":52}},"locations":[{"start":{"line":99,"column":28},"end":{"line":99,"column":52}}]},"22":{"type":"branch","line":100,"loc":{"start":{"line":100,"column":4},"end":{"line":104,"column":6}},"locations":[{"start":{"line":100,"column":4},"end":{"line":104,"column":6}}]},"23":{"type":"branch","line":105,"loc":{"start":{"line":105,"column":-1},"end":{"line":105,"column":31}},"locations":[{"start":{"line":105,"column":-1},"end":{"line":105,"column":31}}]},"24":{"type":"branch","line":105,"loc":{"start":{"line":105,"column":27},"end":{"line":105,"column":51}},"locations":[{"start":{"line":105,"column":27},"end":{"line":105,"column":51}}]},"25":{"type":"branch","line":106,"loc":{"start":{"line":106,"column":4},"end":{"line":117,"column":2}},"locations":[{"start":{"line":106,"column":4},"end":{"line":117,"column":2}}]},"26":{"type":"branch","line":123,"loc":{"start":{"line":123,"column":31},"end":{"line":128,"column":79}},"locations":[{"start":{"line":123,"column":31},"end":{"line":128,"column":79}}]},"27":{"type":"branch","line":130,"loc":{"start":{"line":130,"column":24},"end":{"line":130,"column":70}},"locations":[{"start":{"line":130,"column":24},"end":{"line":130,"column":70}}]},"28":{"type":"branch","line":136,"loc":{"start":{"line":136,"column":30},"end":{"line":141,"column":77}},"locations":[{"start":{"line":136,"column":30},"end":{"line":141,"column":77}}]},"29":{"type":"branch","line":143,"loc":{"start":{"line":143,"column":23},"end":{"line":160,"column":2}},"locations":[{"start":{"line":143,"column":23},"end":{"line":160,"column":2}}]},"30":{"type":"branch","line":145,"loc":{"start":{"line":145,"column":25},"end":{"line":146,"column":54}},"locations":[{"start":{"line":145,"column":25},"end":{"line":146,"column":54}}]},"31":{"type":"branch","line":146,"loc":{"start":{"line":146,"column":26},"end":{"line":146,"column":53}},"locations":[{"start":{"line":146,"column":26},"end":{"line":146,"column":53}}]},"32":{"type":"branch","line":148,"loc":{"start":{"line":148,"column":4},"end":{"line":148,"column":74}},"locations":[{"start":{"line":148,"column":4},"end":{"line":148,"column":74}}]},"33":{"type":"branch","line":149,"loc":{"start":{"line":149,"column":-1},"end":{"line":150,"column":11}},"locations":[{"start":{"line":149,"column":-1},"end":{"line":150,"column":11}}]},"34":{"type":"branch","line":150,"loc":{"start":{"line":150,"column":4},"end":{"line":154,"column":6}},"locations":[{"start":{"line":150,"column":4},"end":{"line":154,"column":6}}]},"35":{"type":"branch","line":155,"loc":{"start":{"line":155,"column":-1},"end":{"line":160,"column":2}},"locations":[{"start":{"line":155,"column":-1},"end":{"line":160,"column":2}}]},"36":{"type":"branch","line":164,"loc":{"start":{"line":164,"column":34},"end":{"line":177,"column":2}},"locations":[{"start":{"line":164,"column":34},"end":{"line":177,"column":2}}]},"37":{"type":"branch","line":166,"loc":{"start":{"line":166,"column":4},"end":{"line":167,"column":35}},"locations":[{"start":{"line":166,"column":4},"end":{"line":167,"column":35}}]},"38":{"type":"branch","line":168,"loc":{"start":{"line":168,"column":4},"end":{"line":169,"column":35}},"locations":[{"start":{"line":168,"column":4},"end":{"line":169,"column":35}}]},"39":{"type":"branch","line":170,"loc":{"start":{"line":170,"column":4},"end":{"line":171,"column":32}},"locations":[{"start":{"line":170,"column":4},"end":{"line":171,"column":32}}]},"40":{"type":"branch","line":172,"loc":{"start":{"line":172,"column":4},"end":{"line":173,"column":35}},"locations":[{"start":{"line":172,"column":4},"end":{"line":173,"column":35}}]},"41":{"type":"branch","line":174,"loc":{"start":{"line":174,"column":4},"end":{"line":175,"column":34}},"locations":[{"start":{"line":174,"column":4},"end":{"line":175,"column":34}}]},"42":{"type":"branch","line":179,"loc":{"start":{"line":179,"column":27},"end":{"line":181,"column":2}},"locations":[{"start":{"line":179,"column":27},"end":{"line":181,"column":2}}]},"43":{"type":"branch","line":180,"loc":{"start":{"line":180,"column":19},"end":{"line":180,"column":45}},"locations":[{"start":{"line":180,"column":19},"end":{"line":180,"column":45}}]}},"b":{"0":[6],"1":[3],"2":[2],"3":[1],"4":[2],"5":[1],"6":[8],"7":[4],"8":[3],"9":[1],"10":[2],"11":[1],"12":[14],"13":[7],"14":[1],"15":[6],"16":[5],"17":[2],"18":[4],"19":[1],"20":[3],"21":[2],"22":[1],"23":[2],"24":[1],"25":[1],"26":[4],"27":[2],"28":[10],"29":[5],"30":[4],"31":[2],"32":[2],"33":[3],"34":[1],"35":[2],"36":[21],"37":[3],"38":[4],"39":[7],"40":[2],"41":[5],"42":[1],"43":[2]},"fnMap":{"0":{"name":"createDoliprane","decl":{"start":{"line":25,"column":31},"end":{"line":30,"column":79}},"loc":{"start":{"line":25,"column":31},"end":{"line":30,"column":79}},"line":25},"1":{"name":"updateDoliprane","decl":{"start":{"line":32,"column":24},"end":{"line":46,"column":2}},"loc":{"start":{"line":32,"column":24},"end":{"line":46,"column":2}},"line":32},"2":{"name":"createHerbalTea","decl":{"start":{"line":52,"column":31},"end":{"line":57,"column":79}},"loc":{"start":{"line":52,"column":31},"end":{"line":57,"column":79}},"line":52},"3":{"name":"updateHerbalTea","decl":{"start":{"line":59,"column":24},"end":{"line":77,"column":2}},"loc":{"start":{"line":59,"column":24},"end":{"line":77,"column":2}},"line":59},"4":{"name":"createFervex","decl":{"start":{"line":83,"column":28},"end":{"line":88,"column":73}},"loc":{"start":{"line":83,"column":28},"end":{"line":88,"column":73}},"line":83},"5":{"name":"updateFervex","decl":{"start":{"line":90,"column":21},"end":{"line":117,"column":2}},"loc":{"start":{"line":90,"column":21},"end":{"line":117,"column":2}},"line":90},"6":{"name":"createMagicPill","decl":{"start":{"line":123,"column":31},"end":{"line":128,"column":79}},"loc":{"start":{"line":123,"column":31},"end":{"line":128,"column":79}},"line":123},"7":{"name":"updateMagicPill","decl":{"start":{"line":130,"column":24},"end":{"line":130,"column":70}},"loc":{"start":{"line":130,"column":24},"end":{"line":130,"column":70}},"line":130},"8":{"name":"createDafalgan","decl":{"start":{"line":136,"column":30},"end":{"line":141,"column":77}},"loc":{"start":{"line":136,"column":30},"end":{"line":141,"column":77}},"line":136},"9":{"name":"updateDafalgan","decl":{"start":{"line":143,"column":23},"end":{"line":160,"column":2}},"loc":{"start":{"line":143,"column":23},"end":{"line":160,"column":2}},"line":143},"10":{"name":"updateBenefitValue","decl":{"start":{"line":164,"column":34},"end":{"line":177,"column":2}},"loc":{"start":{"line":164,"column":34},"end":{"line":177,"column":2}},"line":164},"11":{"name":"updateDrugs","decl":{"start":{"line":179,"column":27},"end":{"line":181,"column":2}},"loc":{"start":{"line":179,"column":27},"end":{"line":181,"column":2}},"line":179}},"f":{"0":6,"1":3,"2":8,"3":4,"4":14,"5":7,"6":4,"7":2,"8":10,"9":5,"10":21,"11":1}}
}
