{"/Users/quentin/projects/personal/take-home-test/pharmacy.ts": {"path":"/Users/quentin/projects/personal/take-home-test/pharmacy.ts","all":false,"statementMap":{"0":{"start":{"line":1,"column":0},"end":{"line":1,"column":24}},"1":{"start":{"line":2,"column":0},"end":{"line":2,"column":24}},"2":{"start":{"line":3,"column":0},"end":{"line":3,"column":24}},"3":{"start":{"line":4,"column":0},"end":{"line":4,"column":24}},"4":{"start":{"line":5,"column":0},"end":{"line":5,"column":13}},"5":{"start":{"line":6,"column":0},"end":{"line":6,"column":20}},"6":{"start":{"line":7,"column":0},"end":{"line":7,"column":18}},"7":{"start":{"line":8,"column":0},"end":{"line":8,"column":2}},"8":{"start":{"line":9,"column":0},"end":{"line":9,"column":0}},"9":{"start":{"line":10,"column":0},"end":{"line":10,"column":40}},"10":{"start":{"line":11,"column":0},"end":{"line":11,"column":41}},"11":{"start":{"line":12,"column":0},"end":{"line":12,"column":34}},"12":{"start":{"line":13,"column":0},"end":{"line":13,"column":41}},"13":{"start":{"line":14,"column":0},"end":{"line":14,"column":38}},"14":{"start":{"line":15,"column":0},"end":{"line":15,"column":0}},"15":{"start":{"line":16,"column":0},"end":{"line":16,"column":66}},"16":{"start":{"line":17,"column":0},"end":{"line":17,"column":0}},"17":{"start":{"line":18,"column":0},"end":{"line":18,"column":69}},"18":{"start":{"line":19,"column":0},"end":{"line":19,"column":0}},"19":{"start":{"line":20,"column":0},"end":{"line":20,"column":24}},"20":{"start":{"line":21,"column":0},"end":{"line":21,"column":24}},"21":{"start":{"line":22,"column":0},"end":{"line":22,"column":24}},"22":{"start":{"line":23,"column":0},"end":{"line":23,"column":0}},"23":{"start":{"line":24,"column":0},"end":{"line":24,"column":32}},"24":{"start":{"line":25,"column":0},"end":{"line":25,"column":53}},"25":{"start":{"line":26,"column":0},"end":{"line":26,"column":18}},"26":{"start":{"line":27,"column":0},"end":{"line":27,"column":16}},"27":{"start":{"line":28,"column":0},"end":{"line":28,"column":3}},"28":{"start":{"line":29,"column":0},"end":{"line":29,"column":62}},"29":{"start":{"line":30,"column":0},"end":{"line":30,"column":0}},"30":{"start":{"line":31,"column":0},"end":{"line":31,"column":62}},"31":{"start":{"line":32,"column":0},"end":{"line":32,"column":55}},"32":{"start":{"line":33,"column":0},"end":{"line":33,"column":64}},"33":{"start":{"line":34,"column":0},"end":{"line":34,"column":31}},"34":{"start":{"line":35,"column":0},"end":{"line":35,"column":12}},"35":{"start":{"line":36,"column":0},"end":{"line":36,"column":19}},"36":{"start":{"line":37,"column":0},"end":{"line":37,"column":41}},"37":{"start":{"line":38,"column":0},"end":{"line":38,"column":37}},"38":{"start":{"line":39,"column":0},"end":{"line":39,"column":6}},"39":{"start":{"line":40,"column":0},"end":{"line":40,"column":10}},"40":{"start":{"line":41,"column":0},"end":{"line":41,"column":17}},"41":{"start":{"line":42,"column":0},"end":{"line":42,"column":35}},"42":{"start":{"line":43,"column":0},"end":{"line":43,"column":39}},"43":{"start":{"line":44,"column":0},"end":{"line":44,"column":4}},"44":{"start":{"line":45,"column":0},"end":{"line":45,"column":2}},"45":{"start":{"line":46,"column":0},"end":{"line":46,"column":0}},"46":{"start":{"line":47,"column":0},"end":{"line":47,"column":25}},"47":{"start":{"line":48,"column":0},"end":{"line":48,"column":25}},"48":{"start":{"line":49,"column":0},"end":{"line":49,"column":25}},"49":{"start":{"line":50,"column":0},"end":{"line":50,"column":0}},"50":{"start":{"line":51,"column":0},"end":{"line":51,"column":32}},"51":{"start":{"line":52,"column":0},"end":{"line":52,"column":53}},"52":{"start":{"line":53,"column":0},"end":{"line":53,"column":18}},"53":{"start":{"line":54,"column":0},"end":{"line":54,"column":15}},"54":{"start":{"line":55,"column":0},"end":{"line":55,"column":3}},"55":{"start":{"line":56,"column":0},"end":{"line":56,"column":63}},"56":{"start":{"line":57,"column":0},"end":{"line":57,"column":0}},"57":{"start":{"line":58,"column":0},"end":{"line":58,"column":62}},"58":{"start":{"line":59,"column":0},"end":{"line":59,"column":6}},"59":{"start":{"line":60,"column":0},"end":{"line":60,"column":30}},"60":{"start":{"line":61,"column":0},"end":{"line":61,"column":57}},"61":{"start":{"line":62,"column":0},"end":{"line":62,"column":3}},"62":{"start":{"line":63,"column":0},"end":{"line":63,"column":77}},"63":{"start":{"line":64,"column":0},"end":{"line":64,"column":33}},"64":{"start":{"line":65,"column":0},"end":{"line":65,"column":12}},"65":{"start":{"line":66,"column":0},"end":{"line":66,"column":19}},"66":{"start":{"line":67,"column":0},"end":{"line":67,"column":41}},"67":{"start":{"line":68,"column":0},"end":{"line":68,"column":37}},"68":{"start":{"line":69,"column":0},"end":{"line":69,"column":6}},"69":{"start":{"line":70,"column":0},"end":{"line":70,"column":3}},"70":{"start":{"line":71,"column":0},"end":{"line":71,"column":10}},"71":{"start":{"line":72,"column":0},"end":{"line":72,"column":17}},"72":{"start":{"line":73,"column":0},"end":{"line":73,"column":35}},"73":{"start":{"line":74,"column":0},"end":{"line":74,"column":39}},"74":{"start":{"line":75,"column":0},"end":{"line":75,"column":4}},"75":{"start":{"line":76,"column":0},"end":{"line":76,"column":2}},"76":{"start":{"line":77,"column":0},"end":{"line":77,"column":0}},"77":{"start":{"line":78,"column":0},"end":{"line":78,"column":25}},"78":{"start":{"line":79,"column":0},"end":{"line":79,"column":25}},"79":{"start":{"line":80,"column":0},"end":{"line":80,"column":25}},"80":{"start":{"line":81,"column":0},"end":{"line":81,"column":0}},"81":{"start":{"line":82,"column":0},"end":{"line":82,"column":29}},"82":{"start":{"line":83,"column":0},"end":{"line":83,"column":53}},"83":{"start":{"line":84,"column":0},"end":{"line":84,"column":18}},"84":{"start":{"line":85,"column":0},"end":{"line":85,"column":16}},"85":{"start":{"line":86,"column":0},"end":{"line":86,"column":3}},"86":{"start":{"line":87,"column":0},"end":{"line":87,"column":56}},"87":{"start":{"line":88,"column":0},"end":{"line":88,"column":0}},"88":{"start":{"line":89,"column":0},"end":{"line":89,"column":50}},"89":{"start":{"line":90,"column":0},"end":{"line":90,"column":28}},"90":{"start":{"line":91,"column":0},"end":{"line":91,"column":70}},"91":{"start":{"line":92,"column":0},"end":{"line":92,"column":6}},"92":{"start":{"line":93,"column":0},"end":{"line":93,"column":27}},"93":{"start":{"line":94,"column":0},"end":{"line":94,"column":54}},"94":{"start":{"line":95,"column":0},"end":{"line":95,"column":52}},"95":{"start":{"line":96,"column":0},"end":{"line":96,"column":3}},"96":{"start":{"line":97,"column":0},"end":{"line":97,"column":71}},"97":{"start":{"line":98,"column":0},"end":{"line":98,"column":53}},"98":{"start":{"line":99,"column":0},"end":{"line":99,"column":12}},"99":{"start":{"line":100,"column":0},"end":{"line":100,"column":16}},"100":{"start":{"line":101,"column":0},"end":{"line":101,"column":38}},"101":{"start":{"line":102,"column":0},"end":{"line":102,"column":34}},"102":{"start":{"line":103,"column":0},"end":{"line":103,"column":6}},"103":{"start":{"line":104,"column":0},"end":{"line":104,"column":52}},"104":{"start":{"line":105,"column":0},"end":{"line":105,"column":12}},"105":{"start":{"line":106,"column":0},"end":{"line":106,"column":16}},"106":{"start":{"line":107,"column":0},"end":{"line":107,"column":38}},"107":{"start":{"line":108,"column":0},"end":{"line":108,"column":34}},"108":{"start":{"line":109,"column":0},"end":{"line":109,"column":6}},"109":{"start":{"line":110,"column":0},"end":{"line":110,"column":0}},"110":{"start":{"line":111,"column":0},"end":{"line":111,"column":10}},"111":{"start":{"line":112,"column":0},"end":{"line":112,"column":14}},"112":{"start":{"line":113,"column":0},"end":{"line":113,"column":32}},"113":{"start":{"line":114,"column":0},"end":{"line":114,"column":36}},"114":{"start":{"line":115,"column":0},"end":{"line":115,"column":4}},"115":{"start":{"line":116,"column":0},"end":{"line":116,"column":2}},"116":{"start":{"line":117,"column":0},"end":{"line":117,"column":0}},"117":{"start":{"line":118,"column":0},"end":{"line":118,"column":29}},"118":{"start":{"line":119,"column":0},"end":{"line":119,"column":29}},"119":{"start":{"line":120,"column":0},"end":{"line":120,"column":29}},"120":{"start":{"line":121,"column":0},"end":{"line":121,"column":0}},"121":{"start":{"line":122,"column":0},"end":{"line":122,"column":32}},"122":{"start":{"line":123,"column":0},"end":{"line":123,"column":53}},"123":{"start":{"line":124,"column":0},"end":{"line":124,"column":18}},"124":{"start":{"line":125,"column":0},"end":{"line":125,"column":16}},"125":{"start":{"line":126,"column":0},"end":{"line":126,"column":3}},"126":{"start":{"line":127,"column":0},"end":{"line":127,"column":63}},"127":{"start":{"line":128,"column":0},"end":{"line":128,"column":0}},"128":{"start":{"line":129,"column":0},"end":{"line":129,"column":71}},"129":{"start":{"line":130,"column":0},"end":{"line":130,"column":0}},"130":{"start":{"line":131,"column":0},"end":{"line":131,"column":29}},"131":{"start":{"line":132,"column":0},"end":{"line":132,"column":29}},"132":{"start":{"line":133,"column":0},"end":{"line":133,"column":29}},"133":{"start":{"line":134,"column":0},"end":{"line":134,"column":0}},"134":{"start":{"line":135,"column":0},"end":{"line":135,"column":31}},"135":{"start":{"line":136,"column":0},"end":{"line":136,"column":53}},"136":{"start":{"line":137,"column":0},"end":{"line":137,"column":18}},"137":{"start":{"line":138,"column":0},"end":{"line":138,"column":16}},"138":{"start":{"line":139,"column":0},"end":{"line":139,"column":3}},"139":{"start":{"line":140,"column":0},"end":{"line":140,"column":60}},"140":{"start":{"line":141,"column":0},"end":{"line":141,"column":0}},"141":{"start":{"line":142,"column":0},"end":{"line":142,"column":58}},"142":{"start":{"line":143,"column":0},"end":{"line":143,"column":6}},"143":{"start":{"line":144,"column":0},"end":{"line":144,"column":28}},"144":{"start":{"line":145,"column":0},"end":{"line":145,"column":54}},"145":{"start":{"line":146,"column":0},"end":{"line":146,"column":3}},"146":{"start":{"line":147,"column":0},"end":{"line":147,"column":74}},"147":{"start":{"line":148,"column":0},"end":{"line":148,"column":30}},"148":{"start":{"line":149,"column":0},"end":{"line":149,"column":12}},"149":{"start":{"line":150,"column":0},"end":{"line":150,"column":18}},"150":{"start":{"line":151,"column":0},"end":{"line":151,"column":40}},"151":{"start":{"line":152,"column":0},"end":{"line":152,"column":36}},"152":{"start":{"line":153,"column":0},"end":{"line":153,"column":6}},"153":{"start":{"line":154,"column":0},"end":{"line":154,"column":10}},"154":{"start":{"line":155,"column":0},"end":{"line":155,"column":16}},"155":{"start":{"line":156,"column":0},"end":{"line":156,"column":38}},"156":{"start":{"line":157,"column":0},"end":{"line":157,"column":34}},"157":{"start":{"line":158,"column":0},"end":{"line":158,"column":4}},"158":{"start":{"line":159,"column":0},"end":{"line":159,"column":2}},"159":{"start":{"line":160,"column":0},"end":{"line":160,"column":0}},"160":{"start":{"line":161,"column":0},"end":{"line":161,"column":29}},"161":{"start":{"line":162,"column":0},"end":{"line":162,"column":0}},"162":{"start":{"line":163,"column":0},"end":{"line":163,"column":51}},"163":{"start":{"line":164,"column":0},"end":{"line":164,"column":22}},"164":{"start":{"line":165,"column":0},"end":{"line":165,"column":21}},"165":{"start":{"line":166,"column":0},"end":{"line":166,"column":35}},"166":{"start":{"line":167,"column":0},"end":{"line":167,"column":22}},"167":{"start":{"line":168,"column":0},"end":{"line":168,"column":35}},"168":{"start":{"line":169,"column":0},"end":{"line":169,"column":18}},"169":{"start":{"line":170,"column":0},"end":{"line":170,"column":32}},"170":{"start":{"line":171,"column":0},"end":{"line":171,"column":22}},"171":{"start":{"line":172,"column":0},"end":{"line":172,"column":35}},"172":{"start":{"line":173,"column":0},"end":{"line":173,"column":20}},"173":{"start":{"line":174,"column":0},"end":{"line":174,"column":34}},"174":{"start":{"line":175,"column":0},"end":{"line":175,"column":3}},"175":{"start":{"line":176,"column":0},"end":{"line":176,"column":2}},"176":{"start":{"line":177,"column":0},"end":{"line":177,"column":0}},"177":{"start":{"line":178,"column":0},"end":{"line":178,"column":47}},"178":{"start":{"line":179,"column":0},"end":{"line":179,"column":47}},"179":{"start":{"line":180,"column":0},"end":{"line":180,"column":2}}},"s":{"0":1,"1":1,"2":1,"3":1,"4":1,"5":1,"6":1,"7":1,"8":1,"9":1,"10":1,"11":1,"12":1,"13":1,"14":1,"15":1,"16":1,"17":1,"18":1,"19":1,"20":1,"21":1,"22":1,"23":1,"24":6,"25":6,"26":6,"27":6,"28":6,"29":1,"30":1,"31":3,"32":3,"33":2,"34":3,"35":1,"36":1,"37":1,"38":1,"39":1,"40":1,"41":1,"42":1,"43":1,"44":1,"45":1,"46":1,"47":1,"48":1,"49":1,"50":1,"51":8,"52":8,"53":8,"54":8,"55":8,"56":1,"57":1,"58":4,"59":4,"60":3,"61":4,"62":4,"63":4,"64":1,"65":1,"66":1,"67":1,"68":1,"69":1,"70":1,"71":1,"72":1,"73":1,"74":1,"75":1,"76":1,"77":1,"78":1,"79":1,"80":1,"81":1,"82":14,"83":14,"84":14,"85":14,"86":14,"87":1,"88":1,"89":7,"90":7,"91":6,"92":6,"93":7,"94":4,"95":7,"96":7,"97":7,"98":7,"99":1,"100":1,"101":1,"102":1,"103":7,"104":7,"105":1,"106":1,"107":1,"108":1,"109":1,"110":1,"111":1,"112":1,"113":1,"114":1,"115":1,"116":1,"117":1,"118":1,"119":1,"120":1,"121":1,"122":4,"123":4,"124":4,"125":4,"126":4,"127":1,"128":1,"129":1,"130":1,"131":1,"132":1,"133":1,"134":1,"135":10,"136":10,"137":10,"138":10,"139":10,"140":1,"141":1,"142":5,"143":5,"144":4,"145":5,"146":5,"147":3,"148":5,"149":1,"150":1,"151":1,"152":1,"153":2,"154":2,"155":2,"156":2,"157":2,"158":2,"159":1,"160":1,"161":1,"162":1,"163":21,"164":21,"165":3,"166":21,"167":4,"168":21,"169":7,"170":21,"171":2,"172":21,"173":5,"174":21,"175":21,"176":1,"177":1,"178":1,"179":1},"branchMap":{"0":{"type":"branch","line":24,"loc":{"start":{"line":24,"column":31},"end":{"line":29,"column":62}},"locations":[{"start":{"line":24,"column":31},"end":{"line":29,"column":62}}]},"1":{"type":"branch","line":31,"loc":{"start":{"line":31,"column":24},"end":{"line":45,"column":2}},"locations":[{"start":{"line":31,"column":24},"end":{"line":45,"column":2}}]},"2":{"type":"branch","line":32,"loc":{"start":{"line":32,"column":28},"end":{"line":32,"column":54}},"locations":[{"start":{"line":32,"column":28},"end":{"line":32,"column":54}}]},"3":{"type":"branch","line":33,"loc":{"start":{"line":33,"column":4},"end":{"line":33,"column":64}},"locations":[{"start":{"line":33,"column":4},"end":{"line":33,"column":64}}]},"4":{"type":"branch","line":34,"loc":{"start":{"line":34,"column":-1},"end":{"line":35,"column":11}},"locations":[{"start":{"line":34,"column":-1},"end":{"line":35,"column":11}}]},"5":{"type":"branch","line":35,"loc":{"start":{"line":35,"column":4},"end":{"line":45,"column":2}},"locations":[{"start":{"line":35,"column":4},"end":{"line":45,"column":2}}]},"6":{"type":"branch","line":51,"loc":{"start":{"line":51,"column":31},"end":{"line":56,"column":63}},"locations":[{"start":{"line":51,"column":31},"end":{"line":56,"column":63}}]},"7":{"type":"branch","line":58,"loc":{"start":{"line":58,"column":24},"end":{"line":76,"column":2}},"locations":[{"start":{"line":58,"column":24},"end":{"line":76,"column":2}}]},"8":{"type":"branch","line":60,"loc":{"start":{"line":60,"column":27},"end":{"line":61,"column":57}},"locations":[{"start":{"line":60,"column":27},"end":{"line":61,"column":57}}]},"9":{"type":"branch","line":61,"loc":{"start":{"line":61,"column":28},"end":{"line":61,"column":56}},"locations":[{"start":{"line":61,"column":28},"end":{"line":61,"column":56}}]},"10":{"type":"branch","line":63,"loc":{"start":{"line":63,"column":4},"end":{"line":64,"column":32}},"locations":[{"start":{"line":63,"column":4},"end":{"line":64,"column":32}}]},"11":{"type":"branch","line":64,"loc":{"start":{"line":64,"column":32},"end":{"line":76,"column":2}},"locations":[{"start":{"line":64,"column":32},"end":{"line":76,"column":2}}]},"12":{"type":"branch","line":82,"loc":{"start":{"line":82,"column":28},"end":{"line":87,"column":56}},"locations":[{"start":{"line":82,"column":28},"end":{"line":87,"column":56}}]},"13":{"type":"branch","line":89,"loc":{"start":{"line":89,"column":21},"end":{"line":116,"column":2}},"locations":[{"start":{"line":89,"column":21},"end":{"line":116,"column":2}}]},"14":{"type":"branch","line":91,"loc":{"start":{"line":91,"column":4},"end":{"line":91,"column":70}},"locations":[{"start":{"line":91,"column":4},"end":{"line":91,"column":70}}]},"15":{"type":"branch","line":92,"loc":{"start":{"line":92,"column":-1},"end":{"line":93,"column":27}},"locations":[{"start":{"line":92,"column":-1},"end":{"line":93,"column":27}}]},"16":{"type":"branch","line":93,"loc":{"start":{"line":93,"column":24},"end":{"line":94,"column":51}},"locations":[{"start":{"line":93,"column":24},"end":{"line":94,"column":51}}]},"17":{"type":"branch","line":94,"loc":{"start":{"line":94,"column":25},"end":{"line":94,"column":50}},"locations":[{"start":{"line":94,"column":25},"end":{"line":94,"column":50}}]},"18":{"type":"branch","line":94,"loc":{"start":{"line":94,"column":51},"end":{"line":95,"column":52}},"locations":[{"start":{"line":94,"column":51},"end":{"line":95,"column":52}}]},"19":{"type":"branch","line":95,"loc":{"start":{"line":95,"column":25},"end":{"line":95,"column":51}},"locations":[{"start":{"line":95,"column":25},"end":{"line":95,"column":51}}]},"20":{"type":"branch","line":97,"loc":{"start":{"line":97,"column":4},"end":{"line":98,"column":32}},"locations":[{"start":{"line":97,"column":4},"end":{"line":98,"column":32}}]},"21":{"type":"branch","line":98,"loc":{"start":{"line":98,"column":28},"end":{"line":98,"column":52}},"locations":[{"start":{"line":98,"column":28},"end":{"line":98,"column":52}}]},"22":{"type":"branch","line":99,"loc":{"start":{"line":99,"column":4},"end":{"line":103,"column":6}},"locations":[{"start":{"line":99,"column":4},"end":{"line":103,"column":6}}]},"23":{"type":"branch","line":104,"loc":{"start":{"line":104,"column":-1},"end":{"line":104,"column":31}},"locations":[{"start":{"line":104,"column":-1},"end":{"line":104,"column":31}}]},"24":{"type":"branch","line":104,"loc":{"start":{"line":104,"column":27},"end":{"line":104,"column":51}},"locations":[{"start":{"line":104,"column":27},"end":{"line":104,"column":51}}]},"25":{"type":"branch","line":105,"loc":{"start":{"line":105,"column":4},"end":{"line":116,"column":2}},"locations":[{"start":{"line":105,"column":4},"end":{"line":116,"column":2}}]},"26":{"type":"branch","line":122,"loc":{"start":{"line":122,"column":31},"end":{"line":127,"column":63}},"locations":[{"start":{"line":122,"column":31},"end":{"line":127,"column":63}}]},"27":{"type":"branch","line":129,"loc":{"start":{"line":129,"column":24},"end":{"line":129,"column":70}},"locations":[{"start":{"line":129,"column":24},"end":{"line":129,"column":70}}]},"28":{"type":"branch","line":135,"loc":{"start":{"line":135,"column":30},"end":{"line":140,"column":60}},"locations":[{"start":{"line":135,"column":30},"end":{"line":140,"column":60}}]},"29":{"type":"branch","line":142,"loc":{"start":{"line":142,"column":23},"end":{"line":159,"column":2}},"locations":[{"start":{"line":142,"column":23},"end":{"line":159,"column":2}}]},"30":{"type":"branch","line":144,"loc":{"start":{"line":144,"column":25},"end":{"line":145,"column":54}},"locations":[{"start":{"line":144,"column":25},"end":{"line":145,"column":54}}]},"31":{"type":"branch","line":145,"loc":{"start":{"line":145,"column":26},"end":{"line":145,"column":53}},"locations":[{"start":{"line":145,"column":26},"end":{"line":145,"column":53}}]},"32":{"type":"branch","line":147,"loc":{"start":{"line":147,"column":4},"end":{"line":147,"column":74}},"locations":[{"start":{"line":147,"column":4},"end":{"line":147,"column":74}}]},"33":{"type":"branch","line":148,"loc":{"start":{"line":148,"column":-1},"end":{"line":149,"column":11}},"locations":[{"start":{"line":148,"column":-1},"end":{"line":149,"column":11}}]},"34":{"type":"branch","line":149,"loc":{"start":{"line":149,"column":4},"end":{"line":153,"column":6}},"locations":[{"start":{"line":149,"column":4},"end":{"line":153,"column":6}}]},"35":{"type":"branch","line":154,"loc":{"start":{"line":154,"column":-1},"end":{"line":159,"column":2}},"locations":[{"start":{"line":154,"column":-1},"end":{"line":159,"column":2}}]},"36":{"type":"branch","line":163,"loc":{"start":{"line":163,"column":34},"end":{"line":176,"column":2}},"locations":[{"start":{"line":163,"column":34},"end":{"line":176,"column":2}}]},"37":{"type":"branch","line":165,"loc":{"start":{"line":165,"column":4},"end":{"line":166,"column":35}},"locations":[{"start":{"line":165,"column":4},"end":{"line":166,"column":35}}]},"38":{"type":"branch","line":167,"loc":{"start":{"line":167,"column":4},"end":{"line":168,"column":35}},"locations":[{"start":{"line":167,"column":4},"end":{"line":168,"column":35}}]},"39":{"type":"branch","line":169,"loc":{"start":{"line":169,"column":4},"end":{"line":170,"column":32}},"locations":[{"start":{"line":169,"column":4},"end":{"line":170,"column":32}}]},"40":{"type":"branch","line":171,"loc":{"start":{"line":171,"column":4},"end":{"line":172,"column":35}},"locations":[{"start":{"line":171,"column":4},"end":{"line":172,"column":35}}]},"41":{"type":"branch","line":173,"loc":{"start":{"line":173,"column":4},"end":{"line":174,"column":34}},"locations":[{"start":{"line":173,"column":4},"end":{"line":174,"column":34}}]},"42":{"type":"branch","line":178,"loc":{"start":{"line":178,"column":27},"end":{"line":180,"column":2}},"locations":[{"start":{"line":178,"column":27},"end":{"line":180,"column":2}}]},"43":{"type":"branch","line":179,"loc":{"start":{"line":179,"column":19},"end":{"line":179,"column":45}},"locations":[{"start":{"line":179,"column":19},"end":{"line":179,"column":45}}]}},"b":{"0":[6],"1":[3],"2":[2],"3":[1],"4":[2],"5":[1],"6":[8],"7":[4],"8":[3],"9":[1],"10":[2],"11":[1],"12":[14],"13":[7],"14":[1],"15":[6],"16":[5],"17":[2],"18":[4],"19":[1],"20":[3],"21":[2],"22":[1],"23":[2],"24":[1],"25":[1],"26":[4],"27":[2],"28":[10],"29":[5],"30":[4],"31":[2],"32":[2],"33":[3],"34":[1],"35":[2],"36":[21],"37":[3],"38":[4],"39":[7],"40":[2],"41":[5],"42":[1],"43":[2]},"fnMap":{"0":{"name":"createDoliprane","decl":{"start":{"line":24,"column":31},"end":{"line":29,"column":62}},"loc":{"start":{"line":24,"column":31},"end":{"line":29,"column":62}},"line":24},"1":{"name":"updateDoliprane","decl":{"start":{"line":31,"column":24},"end":{"line":45,"column":2}},"loc":{"start":{"line":31,"column":24},"end":{"line":45,"column":2}},"line":31},"2":{"name":"createHerbalTea","decl":{"start":{"line":51,"column":31},"end":{"line":56,"column":63}},"loc":{"start":{"line":51,"column":31},"end":{"line":56,"column":63}},"line":51},"3":{"name":"updateHerbalTea","decl":{"start":{"line":58,"column":24},"end":{"line":76,"column":2}},"loc":{"start":{"line":58,"column":24},"end":{"line":76,"column":2}},"line":58},"4":{"name":"createFervex","decl":{"start":{"line":82,"column":28},"end":{"line":87,"column":56}},"loc":{"start":{"line":82,"column":28},"end":{"line":87,"column":56}},"line":82},"5":{"name":"updateFervex","decl":{"start":{"line":89,"column":21},"end":{"line":116,"column":2}},"loc":{"start":{"line":89,"column":21},"end":{"line":116,"column":2}},"line":89},"6":{"name":"createMagicPill","decl":{"start":{"line":122,"column":31},"end":{"line":127,"column":63}},"loc":{"start":{"line":122,"column":31},"end":{"line":127,"column":63}},"line":122},"7":{"name":"updateMagicPill","decl":{"start":{"line":129,"column":24},"end":{"line":129,"column":70}},"loc":{"start":{"line":129,"column":24},"end":{"line":129,"column":70}},"line":129},"8":{"name":"createDafalgan","decl":{"start":{"line":135,"column":30},"end":{"line":140,"column":60}},"loc":{"start":{"line":135,"column":30},"end":{"line":140,"column":60}},"line":135},"9":{"name":"updateDafalgan","decl":{"start":{"line":142,"column":23},"end":{"line":159,"column":2}},"loc":{"start":{"line":142,"column":23},"end":{"line":159,"column":2}},"line":142},"10":{"name":"updateBenefitValue","decl":{"start":{"line":163,"column":34},"end":{"line":176,"column":2}},"loc":{"start":{"line":163,"column":34},"end":{"line":176,"column":2}},"line":163},"11":{"name":"updateDrugs","decl":{"start":{"line":178,"column":27},"end":{"line":180,"column":2}},"loc":{"start":{"line":178,"column":27},"end":{"line":180,"column":2}},"line":178}},"f":{"0":6,"1":3,"2":8,"3":4,"4":14,"5":7,"6":4,"7":2,"8":10,"9":5,"10":21,"11":1}}
}
