TN:
SF:pharmacy.ts
FN:24,createDoliprane
FN:31,updateDoliprane
FN:51,createHerbalTea
FN:58,updateHerbalTea
FN:82,createFervex
FN:89,updateFervex
FN:122,createMagicPill
FN:129,updateMagicPill
FN:135,createDafalgan
FN:142,updateDafalgan
FN:163,updateBenefitValue
FN:178,updateDrugs
FNF:12
FNH:12
FNDA:6,createDoliprane
FNDA:3,updateDoliprane
FNDA:8,createHerbalTea
FNDA:4,updateHerbalTea
FNDA:14,createFervex
FNDA:7,updateFervex
FNDA:4,createMagicPill
FNDA:2,updateMagicPill
FNDA:10,createDafalgan
FNDA:5,updateDafalgan
FNDA:21,updateBenefitValue
FNDA:1,updateDrugs
DA:1,1
DA:2,1
DA:3,1
DA:4,1
DA:5,1
DA:6,1
DA:7,1
DA:8,1
DA:9,1
DA:10,1
DA:11,1
DA:12,1
DA:13,1
DA:14,1
DA:15,1
DA:16,1
DA:17,1
DA:18,1
DA:19,1
DA:20,1
DA:21,1
DA:22,1
DA:23,1
DA:24,1
DA:25,6
DA:26,6
DA:27,6
DA:28,6
DA:29,6
DA:30,1
DA:31,1
DA:32,3
DA:33,3
DA:34,2
DA:35,3
DA:36,1
DA:37,1
DA:38,1
DA:39,1
DA:40,1
DA:41,1
DA:42,1
DA:43,1
DA:44,1
DA:45,1
DA:46,1
DA:47,1
DA:48,1
DA:49,1
DA:50,1
DA:51,1
DA:52,8
DA:53,8
DA:54,8
DA:55,8
DA:56,8
DA:57,1
DA:58,1
DA:59,4
DA:60,4
DA:61,3
DA:62,4
DA:63,4
DA:64,4
DA:65,1
DA:66,1
DA:67,1
DA:68,1
DA:69,1
DA:70,1
DA:71,1
DA:72,1
DA:73,1
DA:74,1
DA:75,1
DA:76,1
DA:77,1
DA:78,1
DA:79,1
DA:80,1
DA:81,1
DA:82,1
DA:83,14
DA:84,14
DA:85,14
DA:86,14
DA:87,14
DA:88,1
DA:89,1
DA:90,7
DA:91,7
DA:92,6
DA:93,6
DA:94,7
DA:95,4
DA:96,7
DA:97,7
DA:98,7
DA:99,7
DA:100,1
DA:101,1
DA:102,1
DA:103,1
DA:104,7
DA:105,7
DA:106,1
DA:107,1
DA:108,1
DA:109,1
DA:110,1
DA:111,1
DA:112,1
DA:113,1
DA:114,1
DA:115,1
DA:116,1
DA:117,1
DA:118,1
DA:119,1
DA:120,1
DA:121,1
DA:122,1
DA:123,4
DA:124,4
DA:125,4
DA:126,4
DA:127,4
DA:128,1
DA:129,1
DA:130,1
DA:131,1
DA:132,1
DA:133,1
DA:134,1
DA:135,1
DA:136,10
DA:137,10
DA:138,10
DA:139,10
DA:140,10
DA:141,1
DA:142,1
DA:143,5
DA:144,5
DA:145,4
DA:146,5
DA:147,5
DA:148,3
DA:149,5
DA:150,1
DA:151,1
DA:152,1
DA:153,1
DA:154,2
DA:155,2
DA:156,2
DA:157,2
DA:158,2
DA:159,2
DA:160,1
DA:161,1
DA:162,1
DA:163,1
DA:164,21
DA:165,21
DA:166,3
DA:167,21
DA:168,4
DA:169,21
DA:170,7
DA:171,21
DA:172,2
DA:173,21
DA:174,5
DA:175,21
DA:176,21
DA:177,1
DA:178,1
DA:179,1
DA:180,1
LF:180
LH:180
BRDA:24,0,0,6
BRDA:31,1,0,3
BRDA:32,2,0,2
BRDA:33,3,0,1
BRDA:34,4,0,2
BRDA:35,5,0,1
BRDA:51,6,0,8
BRDA:58,7,0,4
BRDA:60,8,0,3
BRDA:61,9,0,1
BRDA:63,10,0,2
BRDA:64,11,0,1
BRDA:82,12,0,14
BRDA:89,13,0,7
BRDA:91,14,0,1
BRDA:92,15,0,6
BRDA:93,16,0,5
BRDA:94,17,0,2
BRDA:94,18,0,4
BRDA:95,19,0,1
BRDA:97,20,0,3
BRDA:98,21,0,2
BRDA:99,22,0,1
BRDA:104,23,0,2
BRDA:104,24,0,1
BRDA:105,25,0,1
BRDA:122,26,0,4
BRDA:129,27,0,2
BRDA:135,28,0,10
BRDA:142,29,0,5
BRDA:144,30,0,4
BRDA:145,31,0,2
BRDA:147,32,0,2
BRDA:148,33,0,3
BRDA:149,34,0,1
BRDA:154,35,0,2
BRDA:163,36,0,21
BRDA:165,37,0,3
BRDA:167,38,0,4
BRDA:169,39,0,7
BRDA:171,40,0,2
BRDA:173,41,0,5
BRDA:178,42,0,1
BRDA:179,43,0,2
BRF:44
BRH:44
end_of_record
