TN:
SF:pharmacy.ts
FN:25,createDoliprane
FN:32,updateDoliprane
FN:52,createHerbalTea
FN:59,updateHerbalTea
FN:83,createFervex
FN:90,updateFervex
FN:123,createMagicPill
FN:130,updateMagicPill
FN:136,createDafalgan
FN:143,updateDafalgan
FN:164,updateBenefitValue
FN:179,updateDrugs
FNF:12
FNH:12
FNDA:6,createDoliprane
FNDA:3,updateDoliprane
FNDA:8,createHerbalTea
FNDA:4,updateHerbalTea
FNDA:14,createFervex
FNDA:7,updateFervex
FNDA:4,createMagicPill
FNDA:2,updateMagicPill
FNDA:10,createDafalgan
FNDA:5,updateDafalgan
FNDA:21,updateBenefitValue
FNDA:1,updateDrugs
DA:1,1
DA:2,1
DA:3,1
DA:4,1
DA:5,1
DA:6,1
DA:7,1
DA:8,1
DA:9,1
DA:10,1
DA:11,1
DA:12,1
DA:13,1
DA:14,1
DA:15,1
DA:16,1
DA:17,1
DA:18,1
DA:19,1
DA:20,1
DA:21,1
DA:22,1
DA:23,1
DA:24,1
DA:25,1
DA:26,6
DA:27,6
DA:28,6
DA:29,6
DA:30,6
DA:31,1
DA:32,1
DA:33,3
DA:34,3
DA:35,2
DA:36,3
DA:37,1
DA:38,1
DA:39,1
DA:40,1
DA:41,1
DA:42,1
DA:43,1
DA:44,1
DA:45,1
DA:46,1
DA:47,1
DA:48,1
DA:49,1
DA:50,1
DA:51,1
DA:52,1
DA:53,8
DA:54,8
DA:55,8
DA:56,8
DA:57,8
DA:58,1
DA:59,1
DA:60,4
DA:61,4
DA:62,3
DA:63,4
DA:64,4
DA:65,4
DA:66,1
DA:67,1
DA:68,1
DA:69,1
DA:70,1
DA:71,1
DA:72,1
DA:73,1
DA:74,1
DA:75,1
DA:76,1
DA:77,1
DA:78,1
DA:79,1
DA:80,1
DA:81,1
DA:82,1
DA:83,1
DA:84,14
DA:85,14
DA:86,14
DA:87,14
DA:88,14
DA:89,1
DA:90,1
DA:91,7
DA:92,7
DA:93,6
DA:94,6
DA:95,7
DA:96,4
DA:97,7
DA:98,7
DA:99,7
DA:100,7
DA:101,1
DA:102,1
DA:103,1
DA:104,1
DA:105,7
DA:106,7
DA:107,1
DA:108,1
DA:109,1
DA:110,1
DA:111,1
DA:112,1
DA:113,1
DA:114,1
DA:115,1
DA:116,1
DA:117,1
DA:118,1
DA:119,1
DA:120,1
DA:121,1
DA:122,1
DA:123,1
DA:124,4
DA:125,4
DA:126,4
DA:127,4
DA:128,4
DA:129,1
DA:130,1
DA:131,1
DA:132,1
DA:133,1
DA:134,1
DA:135,1
DA:136,1
DA:137,10
DA:138,10
DA:139,10
DA:140,10
DA:141,10
DA:142,1
DA:143,1
DA:144,5
DA:145,5
DA:146,4
DA:147,5
DA:148,5
DA:149,3
DA:150,5
DA:151,1
DA:152,1
DA:153,1
DA:154,1
DA:155,2
DA:156,2
DA:157,2
DA:158,2
DA:159,2
DA:160,2
DA:161,1
DA:162,1
DA:163,1
DA:164,1
DA:165,21
DA:166,21
DA:167,3
DA:168,21
DA:169,4
DA:170,21
DA:171,7
DA:172,21
DA:173,2
DA:174,21
DA:175,5
DA:176,21
DA:177,21
DA:178,1
DA:179,1
DA:180,1
DA:181,1
LF:181
LH:181
BRDA:25,0,0,6
BRDA:32,1,0,3
BRDA:33,2,0,2
BRDA:34,3,0,1
BRDA:35,4,0,2
BRDA:36,5,0,1
BRDA:52,6,0,8
BRDA:59,7,0,4
BRDA:61,8,0,3
BRDA:62,9,0,1
BRDA:64,10,0,2
BRDA:65,11,0,1
BRDA:83,12,0,14
BRDA:90,13,0,7
BRDA:92,14,0,1
BRDA:93,15,0,6
BRDA:94,16,0,5
BRDA:95,17,0,2
BRDA:95,18,0,4
BRDA:96,19,0,1
BRDA:98,20,0,3
BRDA:99,21,0,2
BRDA:100,22,0,1
BRDA:105,23,0,2
BRDA:105,24,0,1
BRDA:106,25,0,1
BRDA:123,26,0,4
BRDA:130,27,0,2
BRDA:136,28,0,10
BRDA:143,29,0,5
BRDA:145,30,0,4
BRDA:146,31,0,2
BRDA:148,32,0,2
BRDA:149,33,0,3
BRDA:150,34,0,1
BRDA:155,35,0,2
BRDA:164,36,0,21
BRDA:166,37,0,3
BRDA:168,38,0,4
BRDA:170,39,0,7
BRDA:172,40,0,2
BRDA:174,41,0,5
BRDA:179,42,0,1
BRDA:180,43,0,2
BRF:44
BRH:44
end_of_record
